<?xml version="1.0" encoding="UTF-8"?>
<!-- Generated by org.testng.reporters.JUnitReportReporter -->
<testsuite skipped="0" hostname="LAPTOP-2U0C10CV" name="com.sify.CreateIncWoBody" tests="1" failures="0" timestamp="2023-08-30T22:45:27 IST" time="8.126" errors="0">
  <testcase name="createIncWithOutBody" time="8.126" classname="com.sify.CreateIncWoBody"/>
</testsuite> <!-- com.sify.CreateIncWoBody -->
