<?xml version="1.0" encoding="UTF-8"?>
<!-- Generated by org.testng.reporters.JUnitReportReporter -->
<testsuite skipped="0" hostname="LAPTOP-2U0C10CV" name="com.sify.CreateIncWCsvFile" tests="1" failures="0" timestamp="2023-09-02T15:26:20 IST" time="12.809" errors="0">
  <testcase name="createIncWithOutBody" time="12.809" classname="com.sify.CreateIncWCsvFile"/>
</testsuite> <!-- com.sify.CreateIncWCsvFile -->
