<?xml version="1.0" encoding="UTF-8"?>
<!-- Generated by org.testng.reporters.JUnitReportReporter -->
<testsuite skipped="0" hostname="LAPTOP-2U0C10CV" name="com.sify.GetAllIncWithMultiFilter" tests="1" failures="0" timestamp="2023-08-30T21:44:29 IST" time="8.747" errors="0">
  <testcase name="getInc" time="8.747" classname="com.sify.GetAllIncWithMultiFilter"/>
</testsuite> <!-- com.sify.GetAllIncWithMultiFilter -->
