<?xml version="1.0" encoding="UTF-8"?>
<!-- Generated by org.testng.reporters.JUnitReportReporter -->
<testsuite skipped="0" hostname="LAPTOP-2U0C10CV" name="com.sify.GetAllIncident" tests="1" failures="0" timestamp="2023-09-02T23:48:28 IST" time="10.519" errors="0">
  <testcase name="getInc" time="10.519" classname="com.sify.GetAllIncident"/>
</testsuite> <!-- com.sify.GetAllIncident -->
