<?xml version="1.0" encoding="UTF-8"?>
<!-- Generated by org.testng.reporters.JUnitReportReporter -->
<testsuite skipped="0" hostname="LAPTOP-2U0C10CV" name="com.sify.DeleteInc" tests="1" failures="0" timestamp="2023-09-02T15:50:00 IST" time="10.753" errors="0">
  <testcase name="createIncWithOutBody" time="10.753" classname="com.sify.DeleteInc"/>
</testsuite> <!-- com.sify.DeleteInc -->
