<?xml version="1.0" encoding="UTF-8"?>
<!-- Generated by org.testng.reporters.JUnitReportReporter -->
<testsuite skipped="0" hostname="LAPTOP-2U0C10CV" name="com.sify.GetIncidentsWithHelpOfCookies" tests="1" failures="0" timestamp="2023-09-07T15:04:17 IST" time="7.976" errors="0">
  <testcase name="getInc" time="7.976" classname="com.sify.GetIncidentsWithHelpOfCookies"/>
</testsuite> <!-- com.sify.GetIncidentsWithHelpOfCookies -->
