<?xml version="1.0" encoding="UTF-8"?>
<!-- Generated by org.testng.reporters.JUnitReportReporter -->
<testsuite skipped="0" hostname="LAPTOP-2U0C10CV" name="com.mock.LearnRecordNdPlayBack" tests="1" failures="0" timestamp="2023-10-08T14:51:03 IST" time="1.628" errors="0">
  <testcase name="createIncWithOutBody" time="1.628" classname="com.mock.LearnRecordNdPlayBack"/>
</testsuite> <!-- com.mock.LearnRecordNdPlayBack -->
