<?xml version="1.0" encoding="UTF-8"?>
<!-- Generated by org.testng.reporters.JUnitReportReporter -->
<testsuite skipped="0" hostname="LAPTOP-2U0C10CV" name="com.sify.PatchIncWBody" tests="1" failures="0" timestamp="2023-09-02T15:49:07 IST" time="11.667" errors="0">
  <testcase name="createIncWithOutBody" time="11.667" classname="com.sify.PatchIncWBody"/>
</testsuite> <!-- com.sify.PatchIncWBody -->
