<?xml version="1.0" encoding="UTF-8"?>
<!-- Generated by org.testng.reporters.JUnitReportReporter -->
<testsuite skipped="0" hostname="LAPTOP-2U0C10CV" name="com.sify.GetIncWithMultiFilterViaXml" tests="1" failures="0" timestamp="2023-08-30T22:10:57 IST" time="7.768" errors="0">
  <testcase name="getInc" time="7.768" classname="com.sify.GetIncWithMultiFilterViaXml"/>
</testsuite> <!-- com.sify.GetIncWithMultiFilterViaXml -->
