<?xml version="1.0" encoding="UTF-8"?>
<!-- Generated by org.testng.reporters.JUnitReportReporter -->
<testsuite skipped="0" hostname="LAPTOP-2U0C10CV" name="com.sify.CreateIncWJsonMultipleFiles" tests="2" failures="0" timestamp="2023-09-02T22:49:53 IST" time="17.392" errors="0">
  <testcase name="createIncWithOutBody" time="6.938" classname="com.sify.CreateIncWJsonMultipleFiles"/>
  <testcase name="createIncWithOutBody" time="10.454" classname="com.sify.CreateIncWJsonMultipleFiles"/>
</testsuite> <!-- com.sify.CreateIncWJsonMultipleFiles -->
