<?xml version="1.0" encoding="UTF-8"?>
<!-- Generated by org.testng.reporters.JUnitReportReporter -->
<testsuite skipped="0" hostname="LAPTOP-2U0C10CV" name="runner.Runner" tests="2" failures="0" timestamp="2023-09-06T08:32:56 IST" time="17.814" errors="0">
  <testcase name="runScenario" time="10.874" classname="runner.Runner"/>
  <testcase name="runScenario" time="6.940" classname="runner.Runner"/>
</testsuite> <!-- runner.Runner -->
