<?xml version="1.0" encoding="UTF-8"?>
<!-- Generated by org.testng.reporters.JUnitReportReporter -->
<testsuite skipped="0" hostname="LAPTOP-2U0C10CV" name="com.sify.GetAllIncFilter" tests="1" failures="0" timestamp="2023-08-29T23:16:48 IST" time="9.581" errors="0">
  <testcase name="getInc" time="9.581" classname="com.sify.GetAllIncFilter"/>
</testsuite> <!-- com.sify.GetAllIncFilter -->
