<?xml version="1.0" encoding="UTF-8"?>
<!-- Generated by org.testng.reporters.JUnitReportReporter -->
<testsuite skipped="0" hostname="LAPTOP-2U0C10CV" name="com.mock.learnStub" tests="1" failures="0" timestamp="2023-10-08T13:52:48 IST" time="2.680" errors="0">
  <testcase name="createIncWithOutBody" time="2.680" classname="com.mock.learnStub"/>
</testsuite> <!-- com.mock.learnStub -->
