<?xml version="1.0" encoding="UTF-8"?>
<!-- Generated by org.testng.reporters.JUnitReportReporter -->
<testsuite skipped="0" hostname="LAPTOP-2U0C10CV" name="com.chaining.CreateIncWBody" tests="1" failures="0" timestamp="2023-09-03T22:59:56 IST" time="7.432" errors="0">
  <testcase name="createIncWBody" time="7.432" classname="com.chaining.CreateIncWBody"/>
</testsuite> <!-- com.chaining.CreateIncWBody -->
