<?xml version="1.0" encoding="UTF-8"?>
<!-- Generated by org.testng.reporters.JUnitReportReporter -->
<testsuite skipped="0" hostname="LAPTOP-2U0C10CV" name="com.sify.CreateIncWJsonFile" tests="1" failures="0" timestamp="2023-09-02T15:19:19 IST" time="12.467" errors="0">
  <testcase name="createIncWithOutBody" time="12.467" classname="com.sify.CreateIncWJsonFile"/>
</testsuite> <!-- com.sify.CreateIncWJsonFile -->
